2026-01-31 19:59:35,892 - INFO - Loading Dataset...
2026-01-31 20:01:28,467 - INFO - Loading Dataset...
2026-01-31 20:01:28,481 - ERROR - Data missing x_pol attribute! Ensure TemporalGraphBuilder creates it.
2026-01-31 20:17:57,706 - INFO - Loading Dataset...
2026-01-31 20:17:57,932 - INFO - Scheduled Experiments: ['3M', '6M', '8M', '12M', '18M', '24M']
2026-01-31 20:17:57,932 - INFO - STARTING EXPERIMENT: Horizon=3M
2026-01-31 20:17:57,942 - INFO -   Processing 2019-01...
2026-01-31 20:17:57,987 - ERROR - Experiment 3M FAILED: Index put requires the source and destination dtypes match, got Float for the destination and Long for the source.
2026-01-31 20:17:57,987 - INFO - STARTING EXPERIMENT: Horizon=6M
2026-01-31 20:17:57,987 - INFO -   Processing 2019-01...
2026-01-31 20:17:58,004 - ERROR - Experiment 6M FAILED: Index put requires the source and destination dtypes match, got Float for the destination and Long for the source.
2026-01-31 20:17:58,017 - INFO - STARTING EXPERIMENT: Horizon=8M
2026-01-31 20:17:58,018 - INFO -   Processing 2019-01...
2026-01-31 20:17:58,048 - ERROR - Experiment 8M FAILED: Index put requires the source and destination dtypes match, got Float for the destination and Long for the source.
2026-01-31 20:17:58,051 - INFO - STARTING EXPERIMENT: Horizon=12M
2026-01-31 20:17:58,052 - INFO -   Processing 2019-01...
2026-01-31 20:17:58,074 - ERROR - Experiment 12M FAILED: Index put requires the source and destination dtypes match, got Float for the destination and Long for the source.
2026-01-31 20:17:58,081 - INFO - STARTING EXPERIMENT: Horizon=18M
2026-01-31 20:17:58,081 - INFO -   Processing 2019-01...
2026-01-31 20:17:58,112 - ERROR - Experiment 18M FAILED: Index put requires the source and destination dtypes match, got Float for the destination and Long for the source.
2026-01-31 20:17:58,118 - INFO - STARTING EXPERIMENT: Horizon=24M
2026-01-31 20:17:58,119 - INFO -   Processing 2019-01...
2026-01-31 20:17:58,143 - ERROR - Experiment 24M FAILED: Index put requires the source and destination dtypes match, got Float for the destination and Long for the source.
2026-01-31 21:34:53,520 - INFO - Loading Dataset...
2026-01-31 21:34:53,770 - INFO - Scheduled Experiments: ['3M', '6M', '8M', '12M', '18M', '24M']
2026-01-31 21:34:53,770 - INFO - STARTING EXPERIMENT: Horizon=3M
2026-01-31 21:34:53,780 - INFO -   Processing 2019-01...
2026-01-31 21:34:55,300 - INFO -   Processing 2019-02...
2026-01-31 21:34:56,832 - INFO -   Processing 2019-03...
2026-01-31 21:34:58,492 - INFO -   Processing 2019-04...
2026-01-31 21:35:00,326 - INFO -   Processing 2019-05...
2026-01-31 21:35:02,256 - INFO -   Processing 2019-06...
2026-01-31 21:35:04,157 - INFO -   Processing 2019-07...
2026-01-31 21:35:06,184 - INFO -   Processing 2019-08...
2026-01-31 21:35:08,175 - INFO -   Processing 2019-09...
2026-01-31 21:35:10,312 - INFO -   Processing 2019-10...
2026-01-31 21:35:12,595 - INFO -   Processing 2019-11...
2026-01-31 21:35:14,938 - INFO -   Processing 2019-12...
2026-01-31 21:35:17,479 - INFO -   [YEAR 2019 RESULT]: AUC=0.5019 | Acc=0.5146
2026-01-31 21:35:17,484 - INFO -   Processing 2020-01...
2026-01-31 21:35:20,226 - INFO -   Processing 2020-02...
2026-01-31 21:35:23,188 - INFO -   Processing 2020-03...
2026-01-31 21:35:26,526 - INFO -   Processing 2020-04...
2026-01-31 21:35:29,979 - INFO -   Processing 2020-05...
2026-01-31 21:35:33,160 - INFO -   Processing 2020-06...
2026-01-31 21:35:36,671 - INFO -   Processing 2020-07...
2026-01-31 21:35:40,167 - INFO -   Processing 2020-08...
2026-01-31 21:35:44,230 - INFO -   Processing 2020-09...
2026-01-31 21:35:48,109 - INFO -   Processing 2020-10...
2026-01-31 21:35:52,226 - INFO -   Processing 2020-11...
2026-01-31 21:35:56,465 - INFO -   Processing 2020-12...
2026-01-31 21:36:01,963 - INFO -   [YEAR 2020 RESULT]: AUC=0.5147 | Acc=0.5208
2026-01-31 21:36:01,970 - INFO -   Processing 2021-01...
2026-01-31 21:36:06,582 - INFO -   Processing 2021-02...
2026-01-31 21:36:10,967 - INFO -   Processing 2021-03...
2026-01-31 21:36:16,264 - INFO -   Processing 2021-04...
2026-01-31 21:36:21,552 - INFO -   Processing 2021-05...
2026-01-31 21:36:26,224 - INFO -   Processing 2021-06...
2026-01-31 21:36:31,283 - INFO -   Processing 2021-07...
2026-01-31 21:36:36,327 - INFO -   Processing 2021-08...
2026-01-31 21:36:42,134 - INFO -   Processing 2021-09...
2026-01-31 21:36:47,737 - INFO -   Processing 2021-10...
2026-01-31 21:36:54,027 - INFO -   Processing 2021-11...
2026-01-31 21:37:00,918 - INFO -   Processing 2021-12...
2026-01-31 21:37:07,913 - INFO -   [YEAR 2021 RESULT]: AUC=0.4985 | Acc=0.4912
2026-01-31 21:37:07,913 - INFO -   Processing 2022-01...
2026-01-31 21:37:16,208 - INFO -   Processing 2022-02...
2026-01-31 21:37:24,678 - INFO -   Processing 2022-03...
2026-01-31 21:37:33,621 - INFO -   Processing 2022-04...
2026-01-31 21:37:42,447 - INFO -   Processing 2022-05...
2026-01-31 21:37:51,133 - INFO -   Processing 2022-06...
2026-01-31 21:38:00,807 - INFO -   Processing 2022-07...
2026-01-31 21:38:12,762 - INFO -   Processing 2022-08...
2026-01-31 21:40:29,647 - INFO - Loading Dataset...
2026-01-31 21:40:29,929 - INFO - Scheduled Experiments: ['3M', '6M', '8M', '12M', '18M', '24M']
2026-01-31 21:40:29,929 - INFO - STARTING EXPERIMENT: Horizon=3M
2026-01-31 21:40:29,946 - INFO -   2019-01: Train=4797 (Resolved=4256), Test=608
2026-01-31 21:40:31,610 - INFO -     -> AUC: 0.535 | F1(+): 0.558 | MacroF1: 0.541 | Acc: 0.541
2026-01-31 21:40:31,623 - INFO -   2019-02: Train=5229 (Resolved=4492), Test=336
2026-01-31 21:40:33,387 - INFO -     -> AUC: 0.561 | F1(+): 0.453 | MacroF1: 0.538 | Acc: 0.554
2026-01-31 21:40:33,405 - INFO -   2019-03: Train=5837 (Resolved=4833), Test=409
2026-01-31 21:40:35,224 - INFO -     -> AUC: 0.398 | F1(+): 0.088 | MacroF1: 0.368 | Acc: 0.493
2026-01-31 21:40:35,243 - INFO -   2019-04: Train=6173 (Resolved=5137), Test=727
2026-01-31 21:40:37,263 - INFO -     -> AUC: 0.549 | F1(+): 0.301 | MacroF1: 0.468 | Acc: 0.520
2026-01-31 21:40:37,283 - INFO -   2019-05: Train=6582 (Resolved=5778), Test=373
2026-01-31 21:40:39,312 - INFO -     -> AUC: 0.417 | F1(+): 0.000 | MacroF1: 0.357 | Acc: 0.555
2026-01-31 21:40:39,324 - INFO -   2019-06: Train=7309 (Resolved=6179), Test=262
2026-01-31 21:40:41,461 - INFO -     -> AUC: 0.586 | F1(+): 0.000 | MacroF1: 0.357 | Acc: 0.556
2026-01-31 21:40:41,480 - INFO -   2019-07: Train=7682 (Resolved=6654), Test=310
2026-01-31 21:40:43,797 - INFO -     -> AUC: 0.525 | F1(+): 0.000 | MacroF1: 0.360 | Acc: 0.563
2026-01-31 21:40:43,816 - INFO -   2019-08: Train=7944 (Resolved=7314), Test=198
2026-01-31 21:40:46,143 - INFO -     -> AUC: 0.552 | F1(+): 0.000 | MacroF1: 0.363 | Acc: 0.571
2026-01-31 21:40:46,168 - INFO -   2019-09: Train=8254 (Resolved=7629), Test=389
2026-01-31 21:40:48,694 - INFO -     -> AUC: 0.556 | F1(+): 0.000 | MacroF1: 0.335 | Acc: 0.504
2026-01-31 21:40:48,714 - INFO -   2019-10: Train=8452 (Resolved=7995), Test=327
2026-01-31 21:40:51,968 - INFO -     -> AUC: 0.560 | F1(+): 0.000 | MacroF1: 0.349 | Acc: 0.535
2026-01-31 21:40:51,989 - INFO -   2019-11: Train=8841 (Resolved=8207), Test=280
