--- Symbols with no data after May 2025 ---
AAGIY
AAIC
AAIGF
AAN
AATC
AAVMY
ABB
ABBNY
ABC
ABCO
ABDC
ABMD
ABNFX
ABQCX
ACC
ACE
ACEIX
ACGPF
ACSAY
ACST
ADDYY
ADRNY
ADS
ADSW
ADYEY
AE
AESE
AET
AEZS
AFSI
AGESY
AGN
AGR
AHEXY
AHGP
AHKSY
AIMC
AIQUY
AIVAF
AJINY
AJRD
AKRX
AKZOY
ALFVY
ALIZY
ALLK
ALOG
ALPMY
ALTM
ALTR
ALXN
AMADY
AMEH
AMJ
AMKBY
AMSG
ANCTF
ANCX
ANTM
ANYYY
ANZBY
ANZGY
AOBC
AONNY
APEN
APHA
APNHY
APY
AQUA
ARAV
ARCI
ARGO
ARKAY
ARNA
ARNC
ASAZY
ASBFY
ASHTY
ASOMY
ASXC
ASXFY
ATASY
ATEYY
ATH
ATHN
ATLKY
ATML
ATVI
AUY
AVLR
AVP
AVVIY
AVYA
AXAHY
AXE
AY
AYR
AYX
AZPN
BAESY
BAF
BAMXF
BASFY
BAYRY
BAYZF
BBL
BCEL
BCLYF
BDNNY
BDRFY
BECN
BERY
BGCP
BGG
BGNE
BHGE
BHKLY
BIF
BIG
BKCC
BKEP
BKEPP
BKI
BLL
BMRRY
BNPQY
BNTGY
BOIVF
BONT
BOWX
BPL
BPMP
BRCM
BRDCY
BREW
BRK
BRKS
BRMK
BRP
BTEC
BTLCY
BTVCY
BURBY
BVVBY
BXBLY
BXS
BZLFY
CAA
CAB
CABGY
CAIFX
CAJ
CAJPY
CALD
CANO
CATM
CBAY
CBLK
CBM
CBS
CCE
CCH
CCIZX
CCLP
CCMP
CCOEY
CCP
CCT
CCXX
CDAY
CDEV
CDK
CDR
CEB
CELG
CEM
CEMI
CEQP
CERN
CGEMY
CHEOY
CHGCY
CHK
CHL
CHNG
CHUY
CINR
CIT
CJPRY
CLC
CLGX
CLLNY
CLNC
CLNY
CLPBY
CLR
CLSN
CMD
CMLF
CMLFU
CMLTU
CMPGY
CMSQY
CMWAY
CNHI
CNSL
CNXM
CODYY
CONE
CONN
COT
COTV
COUP
CPE
CPGX
CPXWF
CPYYY
CRARY
CREE
CRRFY
CRY
CRZBY
CRZO
CS
CSII
CSLLY
CSLT
CSPCY
CTAA
CTB
CTCT
CTL
CTLT
CTRP
CTXS
CUTR
CVA
CVC
CVET
CVG
CXO
CXP
CY
CYTR
CZMWY
DAIUF
DALCX
DANOY
DASTY
DBOEY
DBSDY
DCP
DDAIF
DEACU
DFKCY
DFRG
DFS
DGNR
DHLGY
DIFTY
DISCA
DISCK
DISH
DKILY
DLAKY
DLICY
DLPH
DM
DMTK
DNBBY
DNKN
DNNGY
DNPLY
DNTUY
DNZOY
DOOR
DPLO
DPM
DPSGY
DQJCY
DRE
DRPRY
DRQ
DSCSY
DSDVY
DSEY
DSNKY
DTEGY
DTRUY
DWAC
DWAHY
EADSY
EBKDY
EBSB
ECA
ECOL
ECOM
EDPFY
EDR
EJPRY
ELUXY
ENBL
ENGGY
ENGIY
ENLAY
ENLC
ENLK
ENOB
ENV
EPAY
EPOKY
EQC
EQGP
EQM
ERI
ESALY
ESGC
ESLOY
ESRX
ESTE
ETE
ETFC
ETM
ETP
ETRN
EV
EVBG
EVHC
EVOP
EVVTY
FANUF
FANUY
FBC
FBSI
FCNTX
FDSWX
FEI
FEYE
FFG
FGSCX
FII
FINMY
FJTSY
FLIR
FLMVX
FLT
FMBI
FNA
FNGN
FNMA
FOE
FPAFY
FPL
FRC
FRCOY
FRFHF
FRIAX
FRRVY
FSD
FSKR
FSNUY
FSUGY
FTBFX
FTSI
FUJHY
FUJIY
FUPBY
GASNY
GBERY
GBOOY
GBT
GCP
GLNCY
GLOP
GLPEY
GMLP
GNGBY
GPP
GPS
GRA
GRUB
GSAH
GSS
GVDNY
GWPH
HA
HAYN
HCMLY
HCP
HDELY
HDS
HEINY
HENOY
HESAY
HFC
HHC
HIBB
HIL
HKXCY
HLDCY
HLPPY
HLUYY
HNNMY
HOCPY
HOT
HPT
HRC
HSAC
HSHCY
HSNGY
HSQVY
HTA
HTHIY
HVRRY
HXGBY
HZN
HZNP
IAA
IBDO
IBDRY
IBKC
ICAGY
IDEXY
IFJPY
IFNNY
IIN
IIVI
IMBBY
INFI
INST
IPHI
IPXHY
IPXL
IS
ISEE
ISNPY
ISUZY
ITCI
ITTOY
ITVPY
JAPAY
JAPSY
JBAXY
JBT
JCOM
JEC
JGCCF
JGCCY
JHCBX
JIH
JMHLY
JMP
JRONY
JSAIY
JSGRY
JTKWY
JWN
KBCSY
KDDIY
KGFHY
KGSPY
KHNGY
KKOYY
KKPNY
KL
KLXI
KMTUY
KNBWY
KNRRY
KOSCF
KPELY
KRTX
KRYAY
KS
KSRYY
KSU
KUBTY
KYCCF
KYOCF
LDNXF
LGF
LGRDY
LHCG
LL
LLDTF
LLESY
LLL
LLTC
LM
LMACU
LMRK
LMST
LN
LNCE
LNEGY
LOCK
LOGM
LPT
LRLCY
LSI
LSRCY
LSXMA
LSXMK
LTHM
LTRPA
LTXB
LUKOY
LVLT
LVMHF
LVMUY
LZAGY
MANT
MAXR
MBGYY
MCC
MDC
MDCA
MDDVX
MDIBY
MDNDF
MDRX
MDSO
MFGP
MGDDY
MGP
MHGVY
MIC
MICRD
MIELY
MIK
MINI
MITEY
MITSY
MJDLF
MJNA
MKKGY
MKTAY
MLYNF
MMP
MN
MNK
MNRL
MONOY
MPLN
MQBKY
MRAAY
MRO
MRTX
MSACX
MSADY
MSG
MSLOY
MSSMY
MTBC
MTHRY
MTSC
MTSFY
MTUAY
MURGY
MXIM
MYL
MZDAY
MZOR
NABZY
NATI
NBL
NBLX
NCBDY
NCLTY
NCMGF
NCMGY
NCR
NDEKY
NEP
NETE
NEWR
NEX
NEXOY
NFX
NHF
NID
NILSY
NINOY
NJDCY
NKLA
NLOK
NLSN
NMVZX
NNGPF
NNGRY
NOKBF
NPSNY
NRDBY
NRILY
NRZ
NS
NSANY
NSR
NSRGY
NTDOY
NTDTY
NTOIY
NTTYY
NUAN
NUVA
NVZMY
NYCB
NYMX
OAK
OAKIX
OAS
OCDDY
OCLCF
OCN
OFC
OGFGF
OLCLY
OMRNY
OMVKY
ONE
OPHLY
ORAN
ORCC
ORKLY
OTIC
OTSKY
OVCHY
OZM
PACW
PANDY
PASO
PBCT
PBFX
PBSFY
PCNNX
PCPL
PCRFY
PDCE
PDCO
PDRDF
PDRDY
PDYPY
PE
PEAK
PEGI
PER
PETQ
PFPT
PKCOY
PKI
PLAN
PLKI
PNGAY
PNM
POAHY
POEFF
POL
PONCX
PPRUY
PRAH
PRNDY
PRNHX
PROSY
PRPFX
PRSP
PRYMY
PS
PSB
PSMMY
PSTH
PSXP
PTLA
PUBGY
PUTW
PWCDF
PXD
PYCR
QABSY
QBIEY
QCP
QRTEA
QRTEP
QSY
QTS
QUMU
RAD
RAI
RANJY
RAVN
RBGLY
RBS
RCII
RDEIY
RDSMY
REPYY
RETA
RHHBF
RHHBY
RLGY
RMBFX
RMP
RNLSY
RNMBY
RNWK
ROIC
ROLL
ROYMY
RP
RRTS
RSPP
RTL
RTN
RTNB
RVNC
RWEOY
RXN
RYAOF
RYCEY
RYT
SAFM
SAFRY
SALRY
SAVE
SAXPY
SBGSY
SBNY
SC
SCGLY
SCHN
SCMWY
SCU
SDC
SDVKY
SDXAY
SEKEY
SEP
SFTBF
SFTBY
SGAPY
SGEN
SGH
SGIOY
SGSOY
SHECY
SHLX
SHPG
SIEGY
SIGCY
SILK
SINGY
SIR
SIRE
SIVB
SIX
SKBSY
SKFRY
SKHHY
SKHSY
SKLTY
SMAWF
SMCAY
SMCYY
SMECF
SMEZ
SMFKY
SMGIX
SMGZY
SMLP
SMMNY
SMNEY
SMNNY
SMTA
SMTOY
SNE
SNH
SNNUF
SNP
SOAGY
SOBKY
SOJA
SOLO
SOMLY
SOMMY
SONVY
SOUHY
SPKE
SPKKY
SPLK
SPN
SPXCY
SQ
SQI
SRC
SRCL
SRLP
SRNE
SSDOY
SSEZY
SSMXF
SSMXY
SSREY
SSUMY
STAR
STAY
STBFY
STOR
STRNY
SUHJY
SUTNY
SVNDY
SVNLY
SWAV
SWDBY
SWGAY
SWH
SWI
SWMAY
SWN
SWRAY
SXYAY
SYIEY
SYNH
SZKMY
TCAP
TCEHY
TCF
TCO
TCP
TCS
TCTZF
TELL
TELNY
TEP
TEUM
TEZNY
TFFP
TGBAX
TGOPY
TIF
TKAMY
TKGBY
TKOMY
TLGPY
TLND
TLPFY
TLRD
TLSNY
TLSYY
TMICY
TMSNY
TMUSR
TOELY
TOSYY
TOTDY
TOTZF
TPCO
TPX
TRHC
TRIT
TRUMY
TRXC
TRYIY
TSCDF
TSCDY
TSS
TTDKY
TTM
TTNDY
TTP
TUP
TVPT
TVTY
TWKS
TWOU
TWTR
TWX
TYPE
UBA
UCBJY
UFS
UMICY
UMPQ
UN
UNCHF
UNICY
UNVR
UOVEY
UPMKF
UPMMY
USDP
UTGN
UTX
UUGRY
VACNY
VADDX
VAIAF
VAR
VAXX
VCISY
VCRA
VEOEY
VEVIX
VFIJX
VGR
VIAB
VIAC
VILLX
VIVO
VLEEY
VLP
VLVLY
VMW
VOPKY
VRAY
VRTU
VSLR
VSM
VTKLY
VTNR
VTRSV
VVNT
VWAGY
VWAPY
VWDRY
WAIR
WBC
WBK
WBT
WCG
WDR
WETF
WFAFY
WFM
WJRYY
WLL
WLTW
WMGI
WOLWF
WOPEY
WORK
WPG
WPX
WPZ
WRDLY
WRK
WSHFX
WSTL
WTKWY
WTR
WTT
WYND
XEC
XENT
XLNX
XNGSY
XON
XYIGY
Y
YACKX
YAHOY
YAMHY
YARIY
YASKY
YNDX
YTEN
ZAYO
ZEN
ZI
ZIOP
ZLNDY
ZN
ZNGA
ZUO
ZURVY
