2026-01-24 17:51:26,308 - INFO - ==================================================
2026-01-24 17:51:26,308 - INFO - STARTING NEW EXPERIMENT RUN: Phase 1 (Basic TGN)
2026-01-24 17:51:26,308 - INFO - ==================================================
2026-01-24 17:51:26,308 - INFO - Device: cuda
2026-01-24 17:51:26,308 - INFO - Loading Data...
2026-01-24 17:51:26,458 - INFO - Filtered Data (2023): 3941 rows
2026-01-24 17:52:04,737 - INFO - ==================================================
2026-01-24 17:52:04,737 - INFO - STARTING NEW EXPERIMENT RUN: Phase 1 (Basic TGN)
2026-01-24 17:52:04,737 - INFO - ==================================================
2026-01-24 17:52:04,737 - INFO - Device: cuda
2026-01-24 17:52:04,738 - INFO - Loading Data...
2026-01-24 17:52:04,866 - INFO - Filtered Data (2023): 3941 rows
2026-01-24 17:52:39,550 - INFO - ==================================================
2026-01-24 17:52:39,550 - INFO - STARTING NEW EXPERIMENT RUN: Phase 1 (Basic TGN)
2026-01-24 17:52:39,550 - INFO - ==================================================
2026-01-24 17:52:39,550 - INFO - Device: cuda
2026-01-24 17:52:39,550 - INFO - Loading Data...
2026-01-24 17:52:39,679 - INFO - Filtered Data (2023): 3941 rows
2026-01-24 17:53:06,244 - INFO - ==================================================
2026-01-24 17:53:06,244 - INFO - STARTING NEW EXPERIMENT RUN: Phase 1 (Basic TGN)
2026-01-24 17:53:06,244 - INFO - ==================================================
2026-01-24 17:53:06,244 - INFO - Device: cuda
2026-01-24 17:53:06,244 - INFO - Loading Data...
2026-01-24 17:53:06,396 - INFO - Filtered Data (2023): 3941 rows
2026-01-24 17:54:03,389 - INFO - ==================================================
2026-01-24 17:54:03,390 - INFO - STARTING NEW EXPERIMENT RUN: Phase 1 (Basic TGN)
2026-01-24 17:54:03,390 - INFO - ==================================================
2026-01-24 17:54:03,390 - INFO - Device: cuda
2026-01-24 17:54:03,390 - INFO - Loading Data...
2026-01-24 17:54:03,501 - INFO - Filtered Data (2023): 3941 rows
2026-01-24 17:54:39,129 - INFO - ==================================================
2026-01-24 17:54:39,130 - INFO - STARTING NEW EXPERIMENT RUN: Phase 1 (Basic TGN)
2026-01-24 17:54:39,130 - INFO - ==================================================
2026-01-24 17:54:39,130 - INFO - Device: cuda
2026-01-24 17:54:39,130 - INFO - Loading Data...
2026-01-24 17:54:39,277 - INFO - Filtered Data (2023): 3941 rows
2026-01-24 17:54:44,661 - INFO - Train Events: 1789 | Test Events: 476
2026-01-24 17:55:08,632 - INFO - ==================================================
2026-01-24 17:55:08,632 - INFO - STARTING NEW EXPERIMENT RUN: Phase 1 (Basic TGN)
2026-01-24 17:55:08,632 - INFO - ==================================================
2026-01-24 17:55:08,632 - INFO - Device: cuda
2026-01-24 17:55:08,633 - INFO - Loading Data...
2026-01-24 17:55:08,774 - INFO - Filtered Data (2023): 3941 rows
2026-01-24 17:55:13,748 - INFO - Train Events: 1789 | Test Events: 476
2026-01-24 17:55:14,584 - INFO - Epoch 1 Loss: 0.6865
2026-01-24 17:55:14,787 - INFO - Epoch 2 Loss: 0.6795
2026-01-24 17:55:14,985 - INFO - Epoch 3 Loss: 0.6729
2026-01-24 17:55:15,173 - INFO - Epoch 4 Loss: 0.6706
2026-01-24 17:55:15,392 - INFO - Epoch 5 Loss: 0.6680
2026-01-24 17:55:15,607 - INFO - Epoch 6 Loss: 0.6667
2026-01-24 17:55:15,895 - INFO - Epoch 7 Loss: 0.6647
2026-01-24 17:55:16,110 - INFO - Epoch 8 Loss: 0.6647
2026-01-24 17:55:16,304 - INFO - Epoch 9 Loss: 0.6642
2026-01-24 17:55:16,518 - INFO - Epoch 10 Loss: 0.6631
2026-01-24 17:55:16,575 - INFO - Final Test Result (2023): F1=0.0000 | AUC=0.4492
2026-01-24 18:04:45,793 - INFO - ==================================================
2026-01-24 18:04:45,793 - INFO - STARTING NEW EXPERIMENT RUN: Phase 1 (Basic TGN)
2026-01-24 18:04:45,793 - INFO - ==================================================
2026-01-24 18:04:45,793 - INFO - Device: cuda
2026-01-24 18:04:45,793 - INFO - Loading Data...
2026-01-24 18:04:45,913 - INFO - Filtered Data (2023): 3941 rows
2026-01-24 18:04:51,190 - INFO - Train Events: 1789 | Test Events: 476
2026-01-24 18:04:52,079 - INFO - Epoch 1 Loss: 0.9015
2026-01-24 18:04:52,298 - INFO - Epoch 2 Loss: 0.9009
2026-01-24 18:04:52,506 - INFO - Epoch 3 Loss: 0.8992
2026-01-24 18:04:52,714 - INFO - Epoch 4 Loss: 0.9009
2026-01-24 18:04:52,917 - INFO - Epoch 5 Loss: 0.9001
2026-01-24 18:04:53,137 - INFO - Epoch 6 Loss: 0.9001
2026-01-24 18:04:53,348 - INFO - Epoch 7 Loss: 0.9001
2026-01-24 18:04:53,573 - INFO - Epoch 8 Loss: 0.9001
2026-01-24 18:04:53,825 - INFO - Epoch 9 Loss: 0.9010
2026-01-24 18:04:54,039 - INFO - Epoch 10 Loss: 0.9004
2026-01-24 18:04:54,216 - INFO - Epoch 11 Loss: 0.9000
2026-01-24 18:04:54,450 - INFO - Epoch 12 Loss: 0.8973
2026-01-24 18:04:54,650 - INFO - Epoch 13 Loss: 0.8987
2026-01-24 18:04:54,904 - INFO - Epoch 14 Loss: 0.8982
2026-01-24 18:04:55,119 - INFO - Epoch 15 Loss: 0.8976
2026-01-24 18:04:55,330 - INFO - Epoch 16 Loss: 0.8979
2026-01-24 18:04:55,544 - INFO - Epoch 17 Loss: 0.8986
2026-01-24 18:04:55,764 - INFO - Epoch 18 Loss: 0.8967
2026-01-24 18:04:55,995 - INFO - Epoch 19 Loss: 0.8976
2026-01-24 18:04:56,204 - INFO - Epoch 20 Loss: 0.8973
2026-01-24 18:04:56,267 - INFO - Final Test Result (2023): F1=0.6221 | AUC=0.4905
2026-01-24 18:20:19,379 - INFO - ==================================================
2026-01-24 18:20:19,379 - INFO - STARTING NEW EXPERIMENT RUN: Phase 1 (Basic TGN)
2026-01-24 18:20:19,379 - INFO - ==================================================
2026-01-24 18:20:19,379 - INFO - Device: cuda
2026-01-24 18:20:19,379 - INFO - Loading Data...
2026-01-24 18:20:19,508 - INFO - Filtered Data (2023): 3941 rows
2026-01-24 18:20:24,207 - INFO - Train Events: 1789 | Test Events: 476
2026-01-24 18:20:25,015 - INFO - Epoch 1 Loss: 0.9026
2026-01-24 18:20:25,236 - INFO - Epoch 2 Loss: 0.8998
2026-01-24 18:20:25,476 - INFO - Epoch 3 Loss: 0.8972
2026-01-24 18:20:25,705 - INFO - Epoch 4 Loss: 0.8979
2026-01-24 18:20:25,936 - INFO - Epoch 5 Loss: 0.8994
2026-01-24 18:20:26,166 - INFO - Epoch 6 Loss: 0.8973
2026-01-24 18:20:26,394 - INFO - Epoch 7 Loss: 0.8954
2026-01-24 18:20:26,625 - INFO - Epoch 8 Loss: 0.8976
2026-01-24 18:20:26,861 - INFO - Epoch 9 Loss: 0.8963
2026-01-24 18:20:27,095 - INFO - Epoch 10 Loss: 0.8957
2026-01-24 18:20:27,333 - INFO - Epoch 11 Loss: 0.8943
2026-01-24 18:20:27,575 - INFO - Epoch 12 Loss: 0.8921
2026-01-24 18:20:27,806 - INFO - Epoch 13 Loss: 0.8927
2026-01-24 18:20:28,144 - INFO - Epoch 14 Loss: 0.8924
2026-01-24 18:20:28,373 - INFO - Epoch 15 Loss: 0.8916
2026-01-24 18:20:28,599 - INFO - Epoch 16 Loss: 0.8897
2026-01-24 18:20:28,825 - INFO - Epoch 17 Loss: 0.8883
2026-01-24 18:20:29,050 - INFO - Epoch 18 Loss: 0.8868
2026-01-24 18:20:29,255 - INFO - Epoch 19 Loss: 0.8877
2026-01-24 18:20:29,462 - INFO - Epoch 20 Loss: 0.8897
2026-01-24 18:20:29,512 - INFO - Final Test Result (2023): F1=0.6218 | AUC=0.4778
2026-01-24 18:34:01,125 - INFO - ==================================================
2026-01-24 18:34:01,125 - INFO - STARTING NEW EXPERIMENT RUN: Phase 1 (Basic TGN)
2026-01-24 18:34:01,125 - INFO - ==================================================
2026-01-24 18:34:01,125 - INFO - Device: cuda
2026-01-24 18:34:01,125 - INFO - Loading Data...
2026-01-24 18:34:01,275 - INFO - Filtered Data (2023): 3941 rows
2026-01-24 18:34:07,222 - INFO - Train Events: 1789 | Test Events: 476
2026-01-24 18:34:08,163 - INFO - Epoch 1 Loss: 0.9001
2026-01-24 18:34:08,397 - INFO - Epoch 2 Loss: 0.9010
2026-01-24 18:34:08,625 - INFO - Epoch 3 Loss: 0.9011
2026-01-24 18:34:08,844 - INFO - Epoch 4 Loss: 0.8988
2026-01-24 18:34:09,068 - INFO - Epoch 5 Loss: 0.8994
2026-01-24 18:34:09,298 - INFO - Epoch 6 Loss: 0.9010
2026-01-24 18:34:09,524 - INFO - Epoch 7 Loss: 0.8993
2026-01-24 18:34:09,748 - INFO - Epoch 8 Loss: 0.8990
2026-01-24 18:34:09,959 - INFO - Epoch 9 Loss: 0.8981
2026-01-24 18:34:10,234 - INFO - Epoch 10 Loss: 0.8992
2026-01-24 18:34:10,503 - INFO - Epoch 11 Loss: 0.8983
2026-01-24 18:34:10,769 - INFO - Epoch 12 Loss: 0.8973
2026-01-24 18:34:10,980 - INFO - Epoch 13 Loss: 0.8994
2026-01-24 18:34:11,199 - INFO - Epoch 14 Loss: 0.8970
2026-01-24 18:34:11,414 - INFO - Epoch 15 Loss: 0.8984
2026-01-24 18:34:11,634 - INFO - Epoch 16 Loss: 0.8956
2026-01-24 18:34:11,843 - INFO - Epoch 17 Loss: 0.8961
2026-01-24 18:34:12,051 - INFO - Epoch 18 Loss: 0.8967
2026-01-24 18:34:12,267 - INFO - Epoch 19 Loss: 0.8970
2026-01-24 18:34:12,499 - INFO - Epoch 20 Loss: 0.8956
2026-01-24 18:34:12,568 - INFO - Final Test Result (2023): F1=0.6172 | AUC=0.4471
2026-01-24 18:40:25,647 - INFO - ==================================================
2026-01-24 18:40:25,647 - INFO - STARTING NEW EXPERIMENT RUN: Phase 1 (Basic TGN)
2026-01-24 18:40:25,648 - INFO - ==================================================
2026-01-24 18:40:25,648 - INFO - Device: cuda
2026-01-24 18:40:25,648 - INFO - Loading Data...
2026-01-24 18:40:25,813 - INFO - Loaded Full History: 32416 rows
2026-01-24 18:40:37,828 - INFO - --- Processing Month: 2023-01-01 to 2023-02-01 ---
2026-01-24 18:40:37,971 - INFO - Train History: 22467 | Test Events: 135
2026-01-24 18:40:53,874 - INFO - Ep 5 Loss: 0.9140
2026-01-24 18:40:54,101 - INFO - Result 2023-01-01: AUC=0.5845 (N=135)
2026-01-24 18:40:54,101 - INFO - --- Processing Month: 2023-02-01 to 2023-03-01 ---
2026-01-24 18:40:54,106 - INFO - Train History: 22602 | Test Events: 306
2026-01-24 18:41:43,381 - INFO - ==================================================
2026-01-24 18:41:43,381 - INFO - STARTING NEW EXPERIMENT RUN: Phase 1 (Basic TGN)
2026-01-24 18:41:43,381 - INFO - ==================================================
2026-01-24 18:41:43,381 - INFO - Device: cuda
2026-01-24 18:41:43,381 - INFO - Loading Data...
2026-01-24 18:41:43,549 - INFO - Loaded Full History: 32416 rows
2026-01-24 18:41:55,345 - INFO - --- Processing Month: 2023-01-01 to 2023-02-01 ---
2026-01-24 18:41:55,458 - INFO - Train History: 22467 | Test Events: 135
2026-01-24 18:42:31,927 - INFO - Ep 5 Loss: 0.9130
2026-01-24 18:42:32,189 - INFO - Result 2023-01-01: AUC=0.5014 (N=135)
2026-01-24 18:42:32,189 - INFO - --- Processing Month: 2023-02-01 to 2023-03-01 ---
2026-01-24 18:42:32,194 - INFO - Train History: 22602 | Test Events: 306
2026-01-24 18:45:29,717 - INFO - ==================================================
2026-01-24 18:45:29,717 - INFO - STARTING NEW EXPERIMENT RUN: Phase 1 (Basic TGN)
2026-01-24 18:45:29,717 - INFO - ==================================================
2026-01-24 18:45:29,717 - INFO - Device: cuda
2026-01-24 18:45:29,717 - INFO - Loading Data...
2026-01-24 18:45:29,843 - INFO - Loaded Full History: 32416 rows
2026-01-24 18:45:39,482 - INFO - --- Processing Month: 2023-01-01 to 2023-02-01 ---
2026-01-24 18:45:39,572 - INFO - Train History: 22467 | Test Events: 135
2026-01-24 18:46:14,254 - INFO - Ep 5 Loss: 0.9132
2026-01-24 18:46:14,524 - INFO - Result 2023-01-01: AUC=0.4741 (N=135)
2026-01-24 18:46:14,525 - INFO - --- Processing Month: 2023-02-01 to 2023-03-01 ---
2026-01-24 18:46:14,529 - INFO - Train History: 22602 | Test Events: 306
2026-01-24 18:53:15,475 - INFO - ==================================================
2026-01-24 18:53:15,476 - INFO - STARTING NEW EXPERIMENT RUN: Phase 1 (Basic TGN)
2026-01-24 18:53:15,476 - INFO - ==================================================
2026-01-24 18:53:15,476 - INFO - Device: cuda
2026-01-24 18:53:15,476 - INFO - Loading Data...
2026-01-24 18:53:15,628 - INFO - Loaded Full History: 32416 rows
2026-01-24 18:53:27,544 - INFO - --- Processing Month: 2023-01-01 to 2023-02-01 ---
2026-01-24 18:53:27,673 - INFO - Train History: 22467 | Test Events: 135
2026-01-24 18:54:03,309 - INFO - Ep 5 Loss: 0.9129
2026-01-24 18:54:03,557 - INFO - Result 2023-01-01: AUC=0.5056 (N=135)
2026-01-24 18:54:03,557 - INFO - --- Processing Month: 2023-02-01 to 2023-03-01 ---
2026-01-24 18:54:03,562 - INFO - Train History: 22602 | Test Events: 306
2026-01-24 18:55:56,347 - INFO - ==================================================
2026-01-24 18:55:56,347 - INFO - STARTING NEW EXPERIMENT RUN: Phase 1 (Basic TGN)
2026-01-24 18:55:56,348 - INFO - ==================================================
2026-01-24 18:55:56,348 - INFO - Device: cuda
2026-01-24 18:55:56,348 - INFO - Loading Data...
2026-01-24 18:55:56,502 - INFO - Loaded Full History: 32416 rows
2026-01-24 18:56:08,607 - INFO - --- Processing Month: 2023-01-01 to 2023-02-01 ---
2026-01-24 18:56:08,713 - INFO - Train History: 22467 | Test Events: 135
2026-01-24 18:56:44,208 - INFO - Ep 5 Loss: 0.9135
2026-01-24 18:56:44,444 - INFO - Result 2023-01-01: AUC=0.5406 (N=135)
2026-01-24 18:56:44,444 - INFO - --- Processing Month: 2023-02-01 to 2023-03-01 ---
2026-01-24 18:56:44,448 - INFO - Train History: 22602 | Test Events: 306
2026-01-24 18:57:25,535 - INFO - ==================================================
2026-01-24 18:57:25,535 - INFO - STARTING NEW EXPERIMENT RUN: Phase 1 (Basic TGN)
2026-01-24 18:57:25,535 - INFO - ==================================================
2026-01-24 18:57:25,536 - INFO - Device: cuda
2026-01-24 18:57:25,536 - INFO - Loading Data...
2026-01-24 18:57:25,685 - INFO - Loaded Full History: 32416 rows
2026-01-24 18:57:37,430 - INFO - --- Processing Month: 2023-01-01 to 2023-02-01 ---
2026-01-24 18:57:37,559 - INFO - Train History: 22467 | Test Events: 135
2026-01-24 18:58:14,193 - INFO - Ep 5 Loss: 0.9138
2026-01-24 18:58:14,438 - INFO - Result 2023-01-01: AUC=0.3618 (N=135)
2026-01-24 18:58:14,438 - INFO - --- Processing Month: 2023-02-01 to 2023-03-01 ---
2026-01-24 18:58:14,443 - INFO - Train History: 22602 | Test Events: 306
2026-01-24 18:58:50,050 - INFO - Ep 5 Loss: 0.9130
2026-01-24 18:58:50,135 - INFO - Result 2023-02-01: AUC=0.5982 (N=306)
2026-01-24 18:58:50,135 - INFO - --- Processing Month: 2023-03-01 to 2023-04-01 ---
2026-01-24 18:58:50,140 - INFO - Train History: 22908 | Test Events: 223
2026-01-24 18:59:26,536 - INFO - Ep 5 Loss: 0.9128
2026-01-24 18:59:26,625 - INFO - Result 2023-03-01: AUC=0.5249 (N=223)
2026-01-24 18:59:26,626 - INFO - --- Processing Month: 2023-04-01 to 2023-05-01 ---
2026-01-24 18:59:26,633 - INFO - Train History: 23131 | Test Events: 336
2026-01-24 19:00:03,604 - INFO - Ep 5 Loss: 0.9133
2026-01-24 19:00:03,871 - INFO - Result 2023-04-01: AUC=0.5876 (N=336)
2026-01-24 19:00:03,871 - INFO - --- Processing Month: 2023-05-01 to 2023-06-01 ---
2026-01-24 19:00:03,875 - INFO - Train History: 23467 | Test Events: 459
2026-01-24 19:00:40,909 - INFO - Ep 5 Loss: 0.9123
2026-01-24 19:00:41,020 - INFO - Result 2023-05-01: AUC=0.4693 (N=459)
2026-01-24 19:00:41,020 - INFO - --- Processing Month: 2023-06-01 to 2023-07-01 ---
2026-01-24 19:00:41,025 - INFO - Train History: 23926 | Test Events: 233
2026-01-24 19:01:18,570 - INFO - Ep 5 Loss: 0.9127
2026-01-24 19:01:18,659 - INFO - Result 2023-06-01: AUC=0.6066 (N=233)
2026-01-24 19:01:18,659 - INFO - --- Processing Month: 2023-07-01 to 2023-08-01 ---
2026-01-24 19:01:18,664 - INFO - Train History: 24159 | Test Events: 139
2026-01-24 19:01:56,591 - INFO - Ep 5 Loss: 0.9124
2026-01-24 19:01:56,835 - INFO - Result 2023-07-01: AUC=0.5077 (N=139)
2026-01-24 19:01:56,835 - INFO - --- Processing Month: 2023-08-01 to 2023-09-01 ---
2026-01-24 19:01:56,839 - INFO - Train History: 24298 | Test Events: 488
2026-01-24 19:02:34,886 - INFO - Ep 5 Loss: 0.9122
2026-01-24 19:02:34,996 - INFO - Result 2023-08-01: AUC=0.5405 (N=488)
2026-01-24 19:02:34,996 - INFO - --- Processing Month: 2023-09-01 to 2023-10-01 ---
2026-01-24 19:02:35,001 - INFO - Train History: 24786 | Test Events: 136
2026-01-24 19:03:14,150 - INFO - Ep 5 Loss: 0.9118
2026-01-24 19:03:14,206 - INFO - Result 2023-09-01: AUC=0.5239 (N=136)
2026-01-24 19:03:14,206 - INFO - --- Processing Month: 2023-10-01 to 2023-11-01 ---
2026-01-24 19:03:14,211 - INFO - Train History: 24922 | Test Events: 339
2026-01-24 19:03:53,361 - INFO - Ep 5 Loss: 0.9121
2026-01-24 19:03:53,454 - INFO - Result 2023-10-01: AUC=0.5312 (N=339)
2026-01-24 19:03:53,454 - INFO - --- Processing Month: 2023-11-01 to 2023-12-01 ---
2026-01-24 19:03:53,459 - INFO - Train History: 25261 | Test Events: 388
2026-01-24 19:04:33,796 - INFO - Ep 5 Loss: 0.9119
2026-01-24 19:04:33,919 - INFO - Result 2023-11-01: AUC=0.4802 (N=388)
2026-01-24 19:04:33,919 - INFO - --- Processing Month: 2023-12-01 to 2024-01-01 ---
2026-01-24 19:04:33,925 - INFO - Train History: 25649 | Test Events: 147
2026-01-24 19:05:14,875 - INFO - Ep 5 Loss: 0.9118
2026-01-24 19:05:14,929 - INFO - Result 2023-12-01: AUC=0.6342 (N=147)
2026-01-24 19:05:14,941 - INFO - FINAL Rolling 2023 Result: F1=0.5545 | AUC=0.5184
2026-01-24 19:41:09,619 - INFO - ==================================================
2026-01-24 19:41:09,619 - INFO - STARTING NEW EXPERIMENT RUN: Phase 1 (Basic TGN)
2026-01-24 19:41:09,619 - INFO - ==================================================
2026-01-24 19:41:09,620 - INFO - Device: cuda
2026-01-24 19:41:09,620 - INFO - Loading Data...
2026-01-24 19:41:09,775 - INFO - Loaded Full History: 32416 rows
2026-01-24 19:41:21,743 - INFO - --- Processing Month: 2023-01-01 to 2023-02-01 ---
2026-01-24 19:41:21,865 - INFO - Train History: 22467 | Test Events: 135
2026-01-24 19:41:56,866 - INFO - Ep 5 Loss: 0.9149
2026-01-24 19:41:57,108 - INFO - Result 2023-01-01: AUC=Error (Single class?)
2026-01-24 19:41:57,108 - INFO - --- Processing Month: 2023-02-01 to 2023-03-01 ---
2026-01-24 19:41:57,112 - INFO - Train History: 22602 | Test Events: 306
2026-01-24 19:42:32,141 - INFO - Ep 5 Loss: 0.9136
2026-01-24 19:42:32,228 - INFO - Result 2023-02-01: AUC=Error (Single class?)
2026-01-24 19:42:32,228 - INFO - --- Processing Month: 2023-03-01 to 2023-04-01 ---
2026-01-24 19:42:32,233 - INFO - Train History: 22908 | Test Events: 223
2026-01-24 19:43:04,056 - INFO - ==================================================
2026-01-24 19:43:04,056 - INFO - STARTING NEW EXPERIMENT RUN: Phase 1 (Basic TGN)
2026-01-24 19:43:04,056 - INFO - ==================================================
2026-01-24 19:43:04,056 - INFO - Device: cuda
2026-01-24 19:43:04,056 - INFO - Loading Data...
2026-01-24 19:43:04,204 - INFO - Loaded Full History: 32416 rows
2026-01-24 19:43:07,136 - INFO - Ep 5 Loss: 0.9140
2026-01-24 19:43:07,217 - INFO - Result 2023-03-01: AUC=Error (Single class?)
2026-01-24 19:43:07,217 - INFO - --- Processing Month: 2023-04-01 to 2023-05-01 ---
2026-01-24 19:43:07,223 - INFO - Train History: 23131 | Test Events: 336
2026-01-24 19:43:16,061 - INFO - --- Processing Month: 2023-01-01 to 2023-02-01 ---
2026-01-24 19:43:16,180 - INFO - Train History: 22467 | Test Events: 135
2026-01-24 19:43:50,195 - INFO - Ep 5 Loss: 0.9145
2026-01-24 19:43:50,492 - INFO - Result 2023-04-01: AUC=Error (Single class?)
2026-01-24 19:43:50,492 - INFO - --- Processing Month: 2023-05-01 to 2023-06-01 ---
2026-01-24 19:43:50,498 - INFO - Train History: 23467 | Test Events: 459
2026-01-24 19:44:00,695 - INFO - Ep 5 Loss: 0.9144
2026-01-24 19:44:00,981 - INFO - Result 2023-01-01: AUC=Error (name 'precision_score' is not defined) | AvgPred=0.57 vs AvgTgt=0.38
2026-01-24 19:44:00,981 - INFO - --- Processing Month: 2023-02-01 to 2023-03-01 ---
2026-01-24 19:44:00,986 - INFO - Train History: 22602 | Test Events: 306
2026-01-24 19:44:36,620 - INFO - Ep 5 Loss: 0.9130
2026-01-24 19:44:36,739 - INFO - Result 2023-05-01: AUC=Error (Single class?)
2026-01-24 19:44:36,739 - INFO - --- Processing Month: 2023-06-01 to 2023-07-01 ---
2026-01-24 19:44:36,746 - INFO - Train History: 23926 | Test Events: 233
2026-01-24 19:44:45,945 - INFO - Ep 5 Loss: 0.9138
2026-01-24 19:44:46,036 - INFO - Result 2023-02-01: AUC=Error (name 'precision_score' is not defined) | AvgPred=0.57 vs AvgTgt=0.40
2026-01-24 19:44:46,036 - INFO - --- Processing Month: 2023-03-01 to 2023-04-01 ---
2026-01-24 19:44:46,042 - INFO - Train History: 22908 | Test Events: 223
2026-01-24 19:44:53,798 - INFO - ==================================================
2026-01-24 19:44:53,798 - INFO - STARTING NEW EXPERIMENT RUN: Phase 1 (Basic TGN)
2026-01-24 19:44:53,798 - INFO - ==================================================
2026-01-24 19:44:53,798 - INFO - Device: cuda
2026-01-24 19:44:53,798 - INFO - Loading Data...
2026-01-24 19:44:53,948 - INFO - Loaded Full History: 32416 rows
2026-01-24 19:45:05,943 - INFO - --- Processing Month: 2023-01-01 to 2023-02-01 ---
2026-01-24 19:45:06,047 - INFO - Train History: 24531 | Test Events: 163
2026-01-24 19:45:27,268 - INFO - Ep 5 Loss: 0.9137
2026-01-24 19:45:27,374 - INFO - Result 2023-06-01: AUC=Error (Single class?)
2026-01-24 19:45:27,374 - INFO - --- Processing Month: 2023-07-01 to 2023-08-01 ---
2026-01-24 19:45:27,381 - INFO - Train History: 24159 | Test Events: 139
2026-01-24 19:45:36,016 - INFO - Ep 5 Loss: 0.9145
2026-01-24 19:45:36,117 - INFO - Result 2023-03-01: AUC=Error (name 'precision_score' is not defined) | AvgPred=0.57 vs AvgTgt=0.44
2026-01-24 19:45:36,117 - INFO - --- Processing Month: 2023-04-01 to 2023-05-01 ---
2026-01-24 19:45:36,126 - INFO - Train History: 23131 | Test Events: 336
2026-01-24 19:46:05,757 - INFO - Ep 5 Loss: 0.9143
2026-01-24 19:46:05,832 - INFO - Result 2023-01-01: AUC=0.5335 | Pr=0.34 Rc=1.00 | AvgPred=0.56 vs AvgTgt=0.34 (N=163)
2026-01-24 19:46:05,832 - INFO - --- Processing Month: 2023-02-01 to 2023-03-01 ---
2026-01-24 19:46:05,841 - INFO - Train History: 24694 | Test Events: 343
2026-01-24 19:46:25,032 - INFO - Ep 5 Loss: 0.9142
2026-01-24 19:46:25,362 - INFO - Result 2023-07-01: AUC=Error (Single class?)
2026-01-24 19:46:25,362 - INFO - --- Processing Month: 2023-08-01 to 2023-09-01 ---
2026-01-24 19:46:25,370 - INFO - Train History: 24298 | Test Events: 488
2026-01-24 19:46:31,137 - INFO - Ep 5 Loss: 0.9154
2026-01-24 19:46:31,503 - INFO - Result 2023-04-01: AUC=Error (name 'precision_score' is not defined) | AvgPred=0.56 vs AvgTgt=0.26
2026-01-24 19:46:31,504 - INFO - --- Processing Month: 2023-05-01 to 2023-06-01 ---
2026-01-24 19:46:31,511 - INFO - Train History: 23467 | Test Events: 459
2026-01-24 19:47:05,133 - INFO - Ep 5 Loss: 0.9138
2026-01-24 19:47:05,257 - INFO - Result 2023-02-01: AUC=0.4959 | Pr=0.41 Rc=1.00 | AvgPred=0.56 vs AvgTgt=0.41 (N=343)
2026-01-24 19:47:05,257 - INFO - --- Processing Month: 2023-03-01 to 2023-04-01 ---
2026-01-24 19:47:05,265 - INFO - Train History: 25037 | Test Events: 268
2026-01-24 19:47:23,394 - INFO - Ep 5 Loss: 0.9140
2026-01-24 19:47:23,507 - INFO - Result 2023-08-01: AUC=Error (Single class?)
2026-01-24 19:47:23,508 - INFO - --- Processing Month: 2023-09-01 to 2023-10-01 ---
2026-01-24 19:47:23,516 - INFO - Train History: 24786 | Test Events: 136
2026-01-24 19:47:27,613 - INFO - Ep 5 Loss: 0.9139
2026-01-24 19:47:27,740 - INFO - Result 2023-05-01: AUC=Error (name 'precision_score' is not defined) | AvgPred=0.57 vs AvgTgt=0.39
2026-01-24 19:47:27,740 - INFO - --- Processing Month: 2023-06-01 to 2023-07-01 ---
2026-01-24 19:47:27,747 - INFO - Train History: 23926 | Test Events: 233
2026-01-24 19:48:04,875 - INFO - Ep 5 Loss: 0.9147
2026-01-24 19:48:04,972 - INFO - Result 2023-03-01: AUC=0.5203 | Pr=0.45 Rc=1.00 | AvgPred=0.56 vs AvgTgt=0.45 (N=268)
2026-01-24 19:48:04,972 - INFO - --- Processing Month: 2023-04-01 to 2023-05-01 ---
2026-01-24 19:48:04,980 - INFO - Train History: 25305 | Test Events: 394
2026-01-24 19:48:23,117 - INFO - Ep 5 Loss: 0.9150
2026-01-24 19:48:23,197 - INFO - Result 2023-06-01: AUC=Error (name 'precision_score' is not defined) | AvgPred=0.58 vs AvgTgt=0.39
2026-01-24 19:48:23,197 - INFO - --- Processing Month: 2023-07-01 to 2023-08-01 ---
2026-01-24 19:48:23,203 - INFO - Train History: 24159 | Test Events: 139
2026-01-24 19:48:57,134 - INFO - Ep 5 Loss: 0.9149
2026-01-24 19:48:57,243 - INFO - Result 2023-04-01: AUC=0.5337 | Pr=0.26 Rc=1.00 | AvgPred=0.58 vs AvgTgt=0.26 (N=394)
2026-01-24 19:48:57,243 - INFO - --- Processing Month: 2023-05-01 to 2023-06-01 ---
2026-01-24 19:48:57,250 - INFO - Train History: 25699 | Test Events: 542
2026-01-24 19:49:08,885 - INFO - ==================================================
2026-01-24 19:49:08,886 - INFO - STARTING NEW EXPERIMENT RUN: Phase 1 (Basic TGN)
2026-01-24 19:49:08,886 - INFO - ==================================================
2026-01-24 19:49:08,886 - INFO - Device: cuda
2026-01-24 19:49:08,886 - INFO - Loading Data...
2026-01-24 19:49:09,039 - INFO - Loaded Full History: 32416 rows
2026-01-24 19:49:21,496 - INFO - --- Processing Month: 2023-01-01 to 2023-02-01 ---
2026-01-24 19:49:21,615 - INFO - Train History: 24531 | Test Events: 163
2026-01-24 19:50:00,063 - INFO - Ep 5 Loss: 0.9141
2026-01-24 19:50:00,136 - INFO - Result 2023-01-01: AUC=0.5823 | Pr=0.34 Rc=1.00 | AvgPred=0.56 vs AvgTgt=0.34 (N=163)
2026-01-24 19:50:00,136 - INFO - --- Processing Month: 2023-02-01 to 2023-03-01 ---
2026-01-24 19:50:00,141 - INFO - Train History: 24694 | Test Events: 343
2026-01-24 19:50:38,182 - INFO - Ep 5 Loss: 0.9142
2026-01-24 19:50:38,284 - INFO - Result 2023-02-01: AUC=0.4929 | Pr=0.41 Rc=1.00 | AvgPred=0.56 vs AvgTgt=0.41 (N=343)
2026-01-24 19:50:38,284 - INFO - --- Processing Month: 2023-03-01 to 2023-04-01 ---
2026-01-24 19:50:38,288 - INFO - Train History: 25037 | Test Events: 268
2026-01-24 19:51:16,950 - INFO - Ep 5 Loss: 0.9135
2026-01-24 19:51:17,041 - INFO - Result 2023-03-01: AUC=0.4826 | Pr=0.45 Rc=1.00 | AvgPred=0.57 vs AvgTgt=0.45 (N=268)
2026-01-24 19:51:17,041 - INFO - --- Processing Month: 2023-04-01 to 2023-05-01 ---
2026-01-24 19:51:17,046 - INFO - Train History: 25305 | Test Events: 394
2026-01-24 19:51:55,836 - INFO - Ep 5 Loss: 0.9139
2026-01-24 19:51:55,943 - INFO - Result 2023-04-01: AUC=0.5408 | Pr=0.26 Rc=1.00 | AvgPred=0.57 vs AvgTgt=0.26 (N=394)
2026-01-24 19:51:55,943 - INFO - --- Processing Month: 2023-05-01 to 2023-06-01 ---
2026-01-24 19:51:55,947 - INFO - Train History: 25699 | Test Events: 542
2026-01-24 19:52:31,780 - INFO - Ep 5 Loss: 0.9134
2026-01-24 19:52:31,914 - INFO - Result 2023-05-01: AUC=0.4872 | Pr=0.39 Rc=1.00 | AvgPred=0.57 vs AvgTgt=0.39 (N=542)
2026-01-24 19:52:31,914 - INFO - --- Processing Month: 2023-06-01 to 2023-07-01 ---
2026-01-24 19:52:31,918 - INFO - Train History: 26241 | Test Events: 241
2026-01-24 19:53:11,900 - INFO - Ep 5 Loss: 0.9142
2026-01-24 19:53:11,987 - INFO - Result 2023-06-01: AUC=0.6002 | Pr=0.38 Rc=1.00 | AvgPred=0.57 vs AvgTgt=0.38 (N=241)
2026-01-24 19:53:11,988 - INFO - --- Processing Month: 2023-07-01 to 2023-08-01 ---
2026-01-24 19:53:11,992 - INFO - Train History: 26482 | Test Events: 149
2026-01-24 19:53:53,220 - INFO - Ep 5 Loss: 0.9129
2026-01-24 19:53:53,297 - INFO - Result 2023-07-01: AUC=0.4242 | Pr=0.48 Rc=1.00 | AvgPred=0.57 vs AvgTgt=0.48 (N=149)
2026-01-24 19:53:53,297 - INFO - --- Processing Month: 2023-08-01 to 2023-09-01 ---
2026-01-24 19:53:53,301 - INFO - Train History: 26631 | Test Events: 759
2026-01-24 19:54:34,296 - INFO - Ep 5 Loss: 0.9136
2026-01-24 19:54:34,458 - INFO - Result 2023-08-01: AUC=0.4998 | Pr=0.29 Rc=1.00 | AvgPred=0.57 vs AvgTgt=0.29 (N=759)
2026-01-24 19:54:34,458 - INFO - --- Processing Month: 2023-09-01 to 2023-10-01 ---
2026-01-24 19:54:34,462 - INFO - Train History: 27390 | Test Events: 153
2026-01-24 19:55:17,435 - INFO - Ep 5 Loss: 0.9123
2026-01-24 19:55:17,500 - INFO - Result 2023-09-01: AUC=0.4950 | Pr=0.44 Rc=1.00 | AvgPred=0.56 vs AvgTgt=0.44 (N=153)
2026-01-24 19:55:17,500 - INFO - --- Processing Month: 2023-10-01 to 2023-11-01 ---
2026-01-24 19:55:17,504 - INFO - Train History: 27543 | Test Events: 357
2026-01-24 19:55:26,071 - INFO - ==================================================
2026-01-24 19:55:26,071 - INFO - STARTING NEW EXPERIMENT RUN: Phase 1 (Basic TGN)
2026-01-24 19:55:26,071 - INFO - ==================================================
2026-01-24 19:55:26,071 - INFO - Device: cuda
2026-01-24 19:55:26,071 - INFO - Loading Data...
2026-01-24 19:55:26,229 - INFO - Loaded Full History: 32416 rows
2026-01-24 19:55:38,668 - INFO - --- Processing Month: 2023-01-01 to 2023-02-01 ---
2026-01-24 19:55:38,779 - INFO - Train History: 24531 | Test Events: 163
2026-01-24 19:56:17,135 - INFO - Ep 5 Loss: 0.6804
2026-01-24 19:56:17,202 - INFO - Result 2023-01-01: AUC=0.5781 | Pr=0.00 Rc=0.00 | AvgPred=0.42 vs AvgTgt=0.34 (N=163)
2026-01-24 19:56:17,202 - INFO - --- Processing Month: 2023-02-01 to 2023-03-01 ---
2026-01-24 19:56:17,207 - INFO - Train History: 24694 | Test Events: 343
2026-01-24 19:56:55,385 - INFO - Ep 5 Loss: 0.6795
2026-01-24 19:56:55,480 - INFO - Result 2023-02-01: AUC=0.4794 | Pr=0.00 Rc=0.00 | AvgPred=0.43 vs AvgTgt=0.41 (N=343)
2026-01-24 19:56:55,480 - INFO - --- Processing Month: 2023-03-01 to 2023-04-01 ---
2026-01-24 19:56:55,484 - INFO - Train History: 25037 | Test Events: 268
2026-01-24 19:57:34,560 - INFO - Ep 5 Loss: 0.6795
2026-01-24 19:57:34,668 - INFO - Result 2023-03-01: AUC=0.4623 | Pr=0.00 Rc=0.00 | AvgPred=0.43 vs AvgTgt=0.45 (N=268)
2026-01-24 19:57:34,668 - INFO - --- Processing Month: 2023-04-01 to 2023-05-01 ---
2026-01-24 19:57:34,673 - INFO - Train History: 25305 | Test Events: 394
2026-01-24 19:58:14,238 - INFO - Ep 5 Loss: 0.6794
2026-01-24 19:58:14,367 - INFO - Result 2023-04-01: AUC=0.4861 | Pr=0.00 Rc=0.00 | AvgPred=0.43 vs AvgTgt=0.26 (N=394)
2026-01-24 19:58:14,367 - INFO - --- Processing Month: 2023-05-01 to 2023-06-01 ---
2026-01-24 19:58:14,372 - INFO - Train History: 25699 | Test Events: 542
2026-01-24 19:58:53,968 - INFO - Ep 5 Loss: 0.6795
2026-01-24 19:58:54,102 - INFO - Result 2023-05-01: AUC=0.5105 | Pr=0.00 Rc=0.00 | AvgPred=0.43 vs AvgTgt=0.39 (N=542)
2026-01-24 19:58:54,102 - INFO - --- Processing Month: 2023-06-01 to 2023-07-01 ---
2026-01-24 19:58:54,107 - INFO - Train History: 26241 | Test Events: 241
2026-01-24 19:59:35,508 - INFO - Ep 5 Loss: 0.6788
2026-01-24 19:59:35,613 - INFO - Result 2023-06-01: AUC=0.5739 | Pr=0.00 Rc=0.00 | AvgPred=0.43 vs AvgTgt=0.38 (N=241)
2026-01-24 19:59:35,614 - INFO - --- Processing Month: 2023-07-01 to 2023-08-01 ---
2026-01-24 19:59:35,618 - INFO - Train History: 26482 | Test Events: 149
2026-01-24 20:00:15,377 - INFO - ==================================================
2026-01-24 20:00:15,377 - INFO - STARTING NEW EXPERIMENT RUN: Phase 1 (Basic TGN)
2026-01-24 20:00:15,377 - INFO - ==================================================
2026-01-24 20:00:15,377 - INFO - Device: cuda
2026-01-24 20:00:15,377 - INFO - Loading Data...
2026-01-24 20:00:15,532 - INFO - Loaded Full History: 32416 rows
2026-01-24 20:00:27,767 - INFO - --- Processing Month: 2023-01-01 to 2023-02-01 ---
2026-01-24 20:00:27,895 - INFO - Train History: 24531 | Test Events: 163
2026-01-24 20:01:08,303 - INFO - Ep 5 Loss: 0.0426
2026-01-24 20:01:08,384 - INFO - Result 2023-01-01: AUC=0.5809 | Pr=0.00 Rc=0.00 F1(macro)=0.40 | AvgPred=0.47 vs AvgTgt=0.34 (N=163)
2026-01-24 20:01:08,384 - INFO - --- Processing Month: 2023-02-01 to 2023-03-01 ---
2026-01-24 20:01:08,389 - INFO - Train History: 24694 | Test Events: 343
2026-01-24 20:01:47,912 - INFO - Ep 5 Loss: 0.0426
2026-01-24 20:01:48,008 - INFO - Result 2023-02-01: AUC=0.4943 | Pr=0.00 Rc=0.00 F1(macro)=0.37 | AvgPred=0.48 vs AvgTgt=0.41 (N=343)
2026-01-24 20:01:48,008 - INFO - --- Processing Month: 2023-03-01 to 2023-04-01 ---
2026-01-24 20:01:48,013 - INFO - Train History: 25037 | Test Events: 268
2026-01-24 20:02:28,248 - INFO - Ep 5 Loss: 0.0426
2026-01-24 20:02:28,361 - INFO - Result 2023-03-01: AUC=0.5191 | Pr=0.00 Rc=0.00 F1(macro)=0.36 | AvgPred=0.48 vs AvgTgt=0.45 (N=268)
2026-01-24 20:02:28,362 - INFO - --- Processing Month: 2023-04-01 to 2023-05-01 ---
2026-01-24 20:02:28,367 - INFO - Train History: 25305 | Test Events: 394
2026-01-24 20:03:09,438 - INFO - Ep 5 Loss: 0.0426
2026-01-24 20:03:09,549 - INFO - Result 2023-04-01: AUC=0.5178 | Pr=0.00 Rc=0.00 F1(macro)=0.42 | AvgPred=0.48 vs AvgTgt=0.26 (N=394)
2026-01-24 20:03:09,549 - INFO - --- Processing Month: 2023-05-01 to 2023-06-01 ---
2026-01-24 20:03:09,556 - INFO - Train History: 25699 | Test Events: 542
2026-01-24 20:03:50,753 - INFO - Ep 5 Loss: 0.0425
2026-01-24 20:03:50,908 - INFO - Result 2023-05-01: AUC=0.4645 | Pr=0.00 Rc=0.00 F1(macro)=0.38 | AvgPred=0.47 vs AvgTgt=0.39 (N=542)
2026-01-24 20:03:50,908 - INFO - --- Processing Month: 2023-06-01 to 2023-07-01 ---
2026-01-24 20:03:50,913 - INFO - Train History: 26241 | Test Events: 241
2026-01-24 20:04:32,893 - INFO - Ep 5 Loss: 0.0425
2026-01-24 20:04:33,003 - INFO - Result 2023-06-01: AUC=0.5112 | Pr=0.00 Rc=0.00 F1(macro)=0.38 | AvgPred=0.48 vs AvgTgt=0.38 (N=241)
2026-01-24 20:04:33,003 - INFO - --- Processing Month: 2023-07-01 to 2023-08-01 ---
2026-01-24 20:04:33,007 - INFO - Train History: 26482 | Test Events: 149
2026-01-24 20:04:44,738 - INFO - ==================================================
2026-01-24 20:04:44,738 - INFO - STARTING NEW EXPERIMENT RUN: Phase 1 (Basic TGN)
2026-01-24 20:04:44,738 - INFO - ==================================================
2026-01-24 20:04:44,739 - INFO - Device: cuda
2026-01-24 20:04:44,739 - INFO - Loading Data...
2026-01-24 20:04:44,887 - INFO - Loaded Full History: 32416 rows
2026-01-24 20:04:57,369 - INFO - --- Processing Month: 2023-01-01 to 2023-02-01 ---
2026-01-24 20:04:57,491 - INFO - Train History: 24531 | Test Events: 163
2026-01-24 20:05:37,990 - INFO - Ep 5 Loss: 0.0426
2026-01-24 20:05:38,069 - INFO - Result 2023-01-01: AUC=0.5404 | Pr=0.34 Rc=1.00 F1(macro)=0.26 | AvgPred=0.47 vs AvgTgt=0.34 (N=163)
2026-01-24 20:05:38,069 - INFO - --- Processing Month: 2023-02-01 to 2023-03-01 ---
2026-01-24 20:05:38,075 - INFO - Train History: 24694 | Test Events: 343
2026-01-24 20:06:18,064 - INFO - Ep 5 Loss: 0.0426
2026-01-24 20:06:18,181 - INFO - Result 2023-02-01: AUC=0.4101 | Pr=0.41 Rc=1.00 F1(macro)=0.29 | AvgPred=0.47 vs AvgTgt=0.41 (N=343)
2026-01-24 20:06:18,181 - INFO - --- Processing Month: 2023-03-01 to 2023-04-01 ---
2026-01-24 20:06:18,186 - INFO - Train History: 25037 | Test Events: 268
2026-01-24 20:11:32,785 - INFO - ==================================================
2026-01-24 20:11:32,785 - INFO - STARTING NEW EXPERIMENT RUN: Phase 1 (Basic TGN)
2026-01-24 20:11:32,785 - INFO - ==================================================
2026-01-24 20:11:32,785 - INFO - Device: cuda
2026-01-24 20:11:32,785 - INFO - Loading Data...
2026-01-24 20:11:32,975 - INFO - Loaded Full History: 32416 rows
2026-01-24 20:11:45,507 - INFO - --- Processing Month: 2023-01-01 to 2023-02-01 ---
2026-01-24 20:11:45,641 - INFO - Train History: 24531 | Test Events: 163
2026-01-24 20:12:22,204 - INFO - ==================================================
2026-01-24 20:12:22,204 - INFO - STARTING NEW EXPERIMENT RUN: Phase 1 (Basic TGN)
2026-01-24 20:12:22,204 - INFO - ==================================================
2026-01-24 20:12:22,204 - INFO - Device: cuda
2026-01-24 20:12:22,204 - INFO - Loading Data...
2026-01-24 20:12:22,356 - INFO - Loaded Full History: 32416 rows
2026-01-24 20:12:34,889 - INFO - --- Processing Month: 2023-01-01 to 2023-02-01 ---
2026-01-24 20:12:34,999 - INFO - Train History: 24531 | Test Events: 163
2026-01-24 20:13:17,642 - INFO - Ep 5 Loss: 0.0426
2026-01-24 20:13:17,735 - INFO - Result 2023-01-01: AUC=0.5975 | Pr=0.00 Rc=0.00 F1(macro)=0.40 | AvgPred=0.47 vs AvgTgt=0.34 (N=163)
2026-01-24 20:13:17,735 - INFO - --- Processing Month: 2023-02-01 to 2023-03-01 ---
2026-01-24 20:13:17,740 - INFO - Train History: 24694 | Test Events: 343
2026-01-24 20:13:59,772 - INFO - Ep 5 Loss: 0.0426
2026-01-24 20:13:59,902 - INFO - Result 2023-02-01: AUC=0.5573 | Pr=0.00 Rc=0.00 F1(macro)=0.37 | AvgPred=0.48 vs AvgTgt=0.41 (N=343)
2026-01-24 20:13:59,902 - INFO - --- Processing Month: 2023-03-01 to 2023-04-01 ---
2026-01-24 20:13:59,906 - INFO - Train History: 25037 | Test Events: 268
2026-01-24 20:14:43,106 - INFO - Ep 5 Loss: 0.0426
2026-01-24 20:14:43,224 - INFO - Result 2023-03-01: AUC=0.5052 | Pr=0.00 Rc=0.00 F1(macro)=0.36 | AvgPred=0.47 vs AvgTgt=0.45 (N=268)
2026-01-24 20:14:43,224 - INFO - --- Processing Month: 2023-04-01 to 2023-05-01 ---
2026-01-24 20:14:43,229 - INFO - Train History: 25305 | Test Events: 394
2026-01-24 20:15:26,223 - INFO - Ep 5 Loss: 0.0426
2026-01-24 20:15:26,363 - INFO - Result 2023-04-01: AUC=0.5474 | Pr=0.00 Rc=0.00 F1(macro)=0.42 | AvgPred=0.48 vs AvgTgt=0.26 (N=394)
2026-01-24 20:15:26,363 - INFO - --- Processing Month: 2023-05-01 to 2023-06-01 ---
2026-01-24 20:15:26,367 - INFO - Train History: 25699 | Test Events: 542
2026-01-24 20:16:09,638 - INFO - Ep 5 Loss: 0.0426
2026-01-24 20:16:09,826 - INFO - Result 2023-05-01: AUC=0.5190 | Pr=0.00 Rc=0.00 F1(macro)=0.38 | AvgPred=0.47 vs AvgTgt=0.39 (N=542)
2026-01-24 20:16:09,826 - INFO - --- Processing Month: 2023-06-01 to 2023-07-01 ---
2026-01-24 20:16:09,830 - INFO - Train History: 26241 | Test Events: 241
2026-01-24 20:16:54,538 - INFO - Ep 5 Loss: 0.0425
2026-01-24 20:16:54,652 - INFO - Result 2023-06-01: AUC=0.5568 | Pr=0.00 Rc=0.00 F1(macro)=0.38 | AvgPred=0.48 vs AvgTgt=0.38 (N=241)
2026-01-24 20:16:54,652 - INFO - --- Processing Month: 2023-07-01 to 2023-08-01 ---
2026-01-24 20:16:54,657 - INFO - Train History: 26482 | Test Events: 149
2026-01-24 20:17:46,001 - INFO - ==================================================
2026-01-24 20:17:46,001 - INFO - STARTING NEW EXPERIMENT RUN: Phase 1 (Basic TGN)
2026-01-24 20:17:46,001 - INFO - ==================================================
2026-01-24 20:17:46,001 - INFO - Device: cuda
2026-01-24 20:17:46,002 - INFO - Loading Data...
2026-01-24 20:17:46,180 - INFO - Loaded Full History: 32416 rows
2026-01-24 20:17:59,690 - INFO - --- Processing Month: 2023-01-01 to 2023-02-01 ---
2026-01-24 20:17:59,802 - INFO - Train History: 24531 | Test Events: 163
2026-01-24 20:18:41,399 - INFO - Ep 5 Loss: 0.0426
2026-01-24 20:18:41,491 - INFO - Result 2023-01-01: AUC=0.5666 | Pr=0.00 Rc=0.00 F1(macro)=0.40 | AvgPred=0.47±0.01 vs AvgTgt=0.34±0.47 (N=163)
2026-01-24 20:18:41,491 - INFO - --- Processing Month: 2023-02-01 to 2023-03-01 ---
2026-01-24 20:18:41,495 - INFO - Train History: 24694 | Test Events: 343
2026-01-24 20:19:23,346 - INFO - Ep 5 Loss: 0.0425
2026-01-24 20:19:23,488 - INFO - Result 2023-02-01: AUC=0.4722 | Pr=0.00 Rc=0.00 F1(macro)=0.37 | AvgPred=0.48±0.00 vs AvgTgt=0.41±0.49 (N=343)
2026-01-24 20:19:23,488 - INFO - --- Processing Month: 2023-03-01 to 2023-04-01 ---
2026-01-24 20:19:23,493 - INFO - Train History: 25037 | Test Events: 268
2026-01-24 20:20:05,433 - INFO - Ep 5 Loss: 0.0426
2026-01-24 20:20:05,554 - INFO - Result 2023-03-01: AUC=0.4416 | Pr=0.00 Rc=0.00 F1(macro)=0.36 | AvgPred=0.48±0.01 vs AvgTgt=0.45±0.50 (N=268)
2026-01-24 20:20:05,554 - INFO - --- Processing Month: 2023-04-01 to 2023-05-01 ---
2026-01-24 20:20:05,558 - INFO - Train History: 25305 | Test Events: 394
2026-01-24 20:20:28,443 - INFO - ==================================================
2026-01-24 20:20:28,443 - INFO - STARTING NEW EXPERIMENT RUN: Phase 1 (Basic TGN)
2026-01-24 20:20:28,443 - INFO - ==================================================
2026-01-24 20:20:28,444 - INFO - Device: cuda
2026-01-24 20:20:28,444 - INFO - Loading Data...
2026-01-24 20:20:28,616 - INFO - Loaded Full History: 32416 rows
2026-01-24 20:20:41,511 - INFO - --- Processing Month: 2023-01-01 to 2023-02-01 ---
2026-01-24 20:20:41,633 - INFO - Train History: 24531 | Test Events: 163
2026-01-24 20:21:24,287 - INFO - Ep 5 Loss: 0.0425
2026-01-24 20:21:24,373 - INFO - Result 2023-01-01: AUC=0.5120 | Pr=0.00 Rc=0.00 F1(macro)=0.40 | AvgPred=0.47±0.01 vs AvgTgt=0.34±0.47 (N=163)
2026-01-24 20:21:24,373 - INFO - --- Processing Month: 2023-02-01 to 2023-03-01 ---
2026-01-24 20:21:24,378 - INFO - Train History: 24694 | Test Events: 343
2026-01-24 20:33:20,112 - INFO - ==================================================
2026-01-24 20:33:20,112 - INFO - STARTING NEW EXPERIMENT RUN: Phase 1 (Basic TGN)
2026-01-24 20:33:20,112 - INFO - ==================================================
2026-01-24 20:33:20,112 - INFO - Device: cuda
2026-01-24 20:33:20,112 - INFO - Loading Data...
2026-01-24 20:33:20,257 - INFO - Loaded Full History: 32416 rows
2026-01-24 20:33:31,937 - INFO - --- Processing Month: 2023-01-01 to 2023-02-01 ---
2026-01-24 20:33:32,036 - INFO - Train History: 24531 | Test Events: 163
2026-01-24 20:34:13,242 - INFO - Ep 5 Loss: 0.8368
2026-01-24 20:34:54,223 - INFO - Ep 10 Loss: 0.8361
2026-01-24 20:34:54,310 - INFO - Result 2023-01-01: AUC=0.5718 | Pr=0.34 Rc=0.93 F1(macro)=0.32 | AvgPred=0.52±0.01 vs AvgTgt=0.34±0.47 (N=163)
2026-01-24 20:34:54,310 - INFO - --- Processing Month: 2023-02-01 to 2023-03-01 ---
2026-01-24 20:34:54,315 - INFO - Train History: 24694 | Test Events: 343
2026-01-24 20:35:36,060 - INFO - Ep 5 Loss: 0.8367
2026-01-24 20:36:16,841 - INFO - Ep 10 Loss: 0.8362
2026-01-24 20:36:16,974 - INFO - Result 2023-02-01: AUC=0.5127 | Pr=0.42 Rc=0.88 F1(macro)=0.41 | AvgPred=0.52±0.01 vs AvgTgt=0.41±0.49 (N=343)
2026-01-24 20:36:16,974 - INFO - --- Processing Month: 2023-03-01 to 2023-04-01 ---
2026-01-24 20:36:16,979 - INFO - Train History: 25037 | Test Events: 268
2026-01-24 20:36:59,193 - INFO - Ep 5 Loss: 0.8364
2026-01-24 20:37:40,348 - INFO - Ep 10 Loss: 0.8360
2026-01-24 20:37:40,450 - INFO - Result 2023-03-01: AUC=0.4509 | Pr=0.46 Rc=0.96 F1(macro)=0.38 | AvgPred=0.52±0.01 vs AvgTgt=0.45±0.50 (N=268)
2026-01-24 20:37:40,450 - INFO - --- Processing Month: 2023-04-01 to 2023-05-01 ---
2026-01-24 20:37:40,454 - INFO - Train History: 25305 | Test Events: 394
2026-01-24 20:38:22,178 - INFO - Ep 5 Loss: 0.8365
2026-01-24 20:41:49,527 - INFO - ==================================================
2026-01-24 20:41:49,527 - INFO - STARTING NEW EXPERIMENT RUN: Phase 1 (Basic TGN)
2026-01-24 20:41:49,527 - INFO - ==================================================
2026-01-24 20:41:49,528 - INFO - Device: cuda
2026-01-24 20:41:49,528 - INFO - Loading Data...
2026-01-24 20:41:49,676 - INFO - Loaded Full History: 32416 rows
2026-01-24 20:42:02,173 - INFO - --- Processing Month: 2023-01-01 to 2023-02-01 ---
2026-01-24 20:42:02,314 - INFO - Train History: 24531 | Test Events: 163
2026-01-24 20:42:44,109 - INFO - Ep 5 Loss: 0.6341
2026-01-24 20:43:25,428 - INFO - Ep 10 Loss: 0.6317
2026-01-24 20:43:25,525 - INFO - Result 2023-01-01: AUC=0.6503 | Pr=0.00 Rc=0.00 F1(macro)=0.45 | AvgPred=0.28±0.02 vs AvgTgt=0.19±0.39 (N=163)
2026-01-24 20:43:25,525 - INFO - --- Processing Month: 2023-02-01 to 2023-03-01 ---
2026-01-24 20:43:25,530 - INFO - Train History: 24694 | Test Events: 343
2026-01-24 20:44:07,612 - INFO - Ep 5 Loss: 0.6335
2026-01-24 20:44:49,443 - INFO - Ep 10 Loss: 0.6300
2026-01-24 20:44:49,598 - INFO - Result 2023-02-01: AUC=0.5657 | Pr=0.00 Rc=0.00 F1(macro)=0.46 | AvgPred=0.29±0.02 vs AvgTgt=0.15±0.36 (N=343)
2026-01-24 20:44:49,598 - INFO - --- Processing Month: 2023-03-01 to 2023-04-01 ---
2026-01-24 20:44:49,604 - INFO - Train History: 25037 | Test Events: 268
2026-01-24 20:47:21,723 - INFO - ==================================================
2026-01-24 20:47:21,723 - INFO - STARTING NEW EXPERIMENT RUN: Phase 1 (Basic TGN)
2026-01-24 20:47:21,723 - INFO - ==================================================
2026-01-24 20:47:21,724 - INFO - Device: cuda
2026-01-24 20:47:21,724 - INFO - Loading Data...
2026-01-24 20:47:21,869 - INFO - Loaded Full History: 32416 rows
2026-01-24 20:47:33,452 - INFO - --- Processing Month: 2023-01-01 to 2023-02-01 ---
2026-01-24 20:47:33,558 - INFO - Train History: 24531 | Test Events: 163
2026-01-24 20:48:14,366 - INFO - Ep 5 Loss: 0.8373
2026-01-24 20:48:54,233 - INFO - Ep 10 Loss: 0.8361
2026-01-24 20:48:54,329 - INFO - Result 2023-01-01: AUC=0.6202 | Pr=0.37 Rc=0.93 F1(macro)=0.41 | AvgPred=0.51±0.01 vs AvgTgt=0.34±0.47 (N=163)
2026-01-24 20:48:54,329 - INFO - --- Processing Month: 2023-02-01 to 2023-03-01 ---
2026-01-24 20:48:54,334 - INFO - Train History: 24694 | Test Events: 343
2026-01-24 20:49:34,281 - INFO - Ep 5 Loss: 0.8363
2026-01-24 20:50:38,534 - INFO - ==================================================
2026-01-24 20:50:38,534 - INFO - STARTING NEW EXPERIMENT RUN: Phase 1 (Basic TGN)
2026-01-24 20:50:38,534 - INFO - ==================================================
2026-01-24 20:50:38,534 - INFO - Device: cuda
2026-01-24 20:50:38,534 - INFO - Loading Data...
2026-01-24 20:50:38,674 - INFO - Loaded Full History: 32416 rows
2026-01-24 20:50:50,892 - INFO - --- Processing Month: 2023-01-01 to 2023-02-01 ---
2026-01-24 20:50:51,001 - INFO - Train History: 24531 | Test Events: 163
2026-01-24 20:51:26,348 - INFO - ==================================================
2026-01-24 20:51:26,348 - INFO - STARTING NEW EXPERIMENT RUN: Phase 1 (Basic TGN)
2026-01-24 20:51:26,348 - INFO - ==================================================
2026-01-24 20:51:26,349 - INFO - Device: cuda
2026-01-24 20:51:26,349 - INFO - Loading Data...
2026-01-24 20:51:26,499 - INFO - Loaded Full History: 32416 rows
2026-01-24 20:51:37,709 - INFO - --- Processing Month: 2023-01-01 to 2023-02-01 ---
2026-01-24 20:51:37,804 - INFO - Train History: 24531 | Test Events: 163
2026-01-24 20:52:18,567 - INFO - Ep 5 Loss: 0.6804
2026-01-24 20:52:59,348 - INFO - Ep 10 Loss: 0.6796
2026-01-24 20:52:59,451 - INFO - Result 2023-01-01: AUC=0.6120 | Pr=0.00 Rc=0.00 F1(macro)=0.40 | AvgPred=0.42±0.02 vs AvgTgt=0.34±0.47 (N=163)
2026-01-24 20:52:59,452 - INFO - --- Processing Month: 2023-02-01 to 2023-03-01 ---
2026-01-24 20:52:59,457 - INFO - Train History: 24694 | Test Events: 343
2026-01-24 20:53:41,215 - INFO - Ep 5 Loss: 0.6792
2026-01-24 20:54:21,743 - INFO - Ep 10 Loss: 0.6791
2026-01-24 20:54:21,869 - INFO - Result 2023-02-01: AUC=0.4406 | Pr=0.00 Rc=0.00 F1(macro)=0.37 | AvgPred=0.43±0.01 vs AvgTgt=0.41±0.49 (N=343)
2026-01-24 20:54:21,869 - INFO - --- Processing Month: 2023-03-01 to 2023-04-01 ---
2026-01-24 20:54:21,874 - INFO - Train History: 25037 | Test Events: 268
2026-01-24 20:56:44,662 - INFO - ==================================================
2026-01-24 20:56:44,662 - INFO - STARTING NEW EXPERIMENT RUN: Phase 1 (Basic TGN)
2026-01-24 20:56:44,662 - INFO - ==================================================
2026-01-24 20:56:44,662 - INFO - Device: cuda
2026-01-24 20:56:44,662 - INFO - Loading Data...
2026-01-24 20:56:44,833 - INFO - Loaded Full History: 32416 rows
2026-01-24 20:56:58,543 - INFO - --- Processing Month: 2023-01-01 to 2023-02-01 ---
2026-01-24 20:56:58,664 - INFO - Train History: 24531 | Test Events: 163
2026-01-24 20:57:42,572 - INFO - Ep 5 Loss: 0.6800
2026-01-24 20:58:24,629 - INFO - Ep 10 Loss: 0.6796
2026-01-24 20:58:24,719 - INFO - Result 2023-01-01: AUC=0.5829 | Pr=0.00 Rc=0.00 F1(macro)=0.40 | AvgPred=0.42±0.02 vs AvgTgt=0.34±0.47 (N=163)
2026-01-24 20:58:24,719 - INFO - --- Processing Month: 2023-02-01 to 2023-03-01 ---
2026-01-24 20:58:24,723 - INFO - Train History: 24694 | Test Events: 343
2026-01-24 20:59:07,003 - INFO - Ep 5 Loss: 0.6798
2026-01-24 20:59:49,630 - INFO - Ep 10 Loss: 0.6795
2026-01-24 20:59:49,758 - INFO - Result 2023-02-01: AUC=0.4783 | Pr=0.00 Rc=0.00 F1(macro)=0.37 | AvgPred=0.43±0.01 vs AvgTgt=0.41±0.49 (N=343)
2026-01-24 20:59:49,758 - INFO - --- Processing Month: 2023-03-01 to 2023-04-01 ---
2026-01-24 20:59:49,761 - INFO - Train History: 25037 | Test Events: 268
2026-01-24 21:00:33,132 - INFO - Ep 5 Loss: 0.6794
